c:\projects\cuda_mandelbrot_optimized\fractalcudastreams\x64\release\vc141.pdb
c:\projects\cuda_mandelbrot_optimized\fractalcudastreams\x64\release\thread.obj
c:\projects\cuda_mandelbrot_optimized\fractalcudastreams\x64\release\main.obj
x64\release\kernel.cu.obj
c:\projects\cuda_mandelbrot_optimized\x64\release\fractalcudastreams.lib
c:\projects\cuda_mandelbrot_optimized\x64\release\fractalcudastreams.exp
c:\projects\cuda_mandelbrot_optimized\x64\release\fractalcudastreams.ipdb
c:\projects\cuda_mandelbrot_optimized\x64\release\fractalcudastreams.iobj
c:\projects\cuda_mandelbrot_optimized\x64\release\fractalcudastreams.exe
c:\projects\cuda_mandelbrot_optimized\x64\release\fractalcudastreams.pdb
c:\projects\cuda_mandelbrot_optimized\fractalcudastreams\x64\release\kernel.cu.cache
c:\projects\cuda_mandelbrot_optimized\fractalcudastreams\x64\release\kernel.cu.obj
c:\projects\cuda_mandelbrot_optimized\fractalcudastreams\x64\release\fractalc.089e1d84.tlog\cl.command.1.tlog
c:\projects\cuda_mandelbrot_optimized\fractalcudastreams\x64\release\fractalc.089e1d84.tlog\cl.read.1.tlog
c:\projects\cuda_mandelbrot_optimized\fractalcudastreams\x64\release\fractalc.089e1d84.tlog\cl.write.1.tlog
c:\projects\cuda_mandelbrot_optimized\fractalcudastreams\x64\release\fractalc.089e1d84.tlog\cudacompile.read.1u.tlog
c:\projects\cuda_mandelbrot_optimized\fractalcudastreams\x64\release\fractalc.089e1d84.tlog\cudacompile.write.1u.tlog
c:\projects\cuda_mandelbrot_optimized\fractalcudastreams\x64\release\fractalc.089e1d84.tlog\fractalcudastreams.write.1u.tlog
c:\projects\cuda_mandelbrot_optimized\fractalcudastreams\x64\release\fractalc.089e1d84.tlog\link.command.1.tlog
c:\projects\cuda_mandelbrot_optimized\fractalcudastreams\x64\release\fractalc.089e1d84.tlog\link.read.1.tlog
c:\projects\cuda_mandelbrot_optimized\fractalcudastreams\x64\release\fractalc.089e1d84.tlog\link.write.1.tlog
