c:\projects\cuda_mandelbrot_optimized\fractalcudastreams\x64\debug\vc141.pdb
c:\projects\cuda_mandelbrot_optimized\fractalcudastreams\x64\debug\vc141.idb
c:\projects\cuda_mandelbrot_optimized\fractalcudastreams\x64\debug\thread.obj
c:\projects\cuda_mandelbrot_optimized\fractalcudastreams\x64\debug\main.obj
x64\debug\kernel.cu.obj
c:\projects\cuda_mandelbrot_optimized\x64\debug\fractalcudastreams.lib
c:\projects\cuda_mandelbrot_optimized\x64\debug\fractalcudastreams.exp
c:\projects\cuda_mandelbrot_optimized\x64\debug\fractalcudastreams.exe
c:\projects\cuda_mandelbrot_optimized\x64\debug\fractalcudastreams.ilk
c:\projects\cuda_mandelbrot_optimized\x64\debug\fractalcudastreams.pdb
c:\projects\cuda_mandelbrot_optimized\fractalcudastreams\x64\debug\kernel.cu.cache
c:\projects\cuda_mandelbrot_optimized\fractalcudastreams\x64\debug\kernel.cu.obj
c:\projects\cuda_mandelbrot_optimized\fractalcudastreams\x64\debug\fractalc.089e1d84.tlog\cl.command.1.tlog
c:\projects\cuda_mandelbrot_optimized\fractalcudastreams\x64\debug\fractalc.089e1d84.tlog\cl.read.1.tlog
c:\projects\cuda_mandelbrot_optimized\fractalcudastreams\x64\debug\fractalc.089e1d84.tlog\cl.write.1.tlog
c:\projects\cuda_mandelbrot_optimized\fractalcudastreams\x64\debug\fractalc.089e1d84.tlog\cudacompile.read.1u.tlog
c:\projects\cuda_mandelbrot_optimized\fractalcudastreams\x64\debug\fractalc.089e1d84.tlog\cudacompile.write.1u.tlog
c:\projects\cuda_mandelbrot_optimized\fractalcudastreams\x64\debug\fractalc.089e1d84.tlog\fractalcudastreams.write.1u.tlog
c:\projects\cuda_mandelbrot_optimized\fractalcudastreams\x64\debug\fractalc.089e1d84.tlog\link.command.1.tlog
c:\projects\cuda_mandelbrot_optimized\fractalcudastreams\x64\debug\fractalc.089e1d84.tlog\link.read.1.tlog
c:\projects\cuda_mandelbrot_optimized\fractalcudastreams\x64\debug\fractalc.089e1d84.tlog\link.write.1.tlog
